<?xml version="1.0" encoding="UTF-8"?>
<testsuite xmlns:xsi="http://www.w3.org/2001/XMLSchema-instance" xsi:noNamespaceSchemaLocation="https://maven.apache.org/surefire/maven-surefire-plugin/xsd/surefire-test-report-3.0.xsd" version="3.0" name="com.google.Part1Test" time="0.834" tests="21" errors="0" skipped="0" failures="20">
  <properties>
    <property name="sun.desktop" value="gnome"/>
    <property name="awt.toolkit" value="sun.awt.X11.XToolkit"/>
    <property name="java.specification.version" value="11"/>
    <property name="sun.cpu.isalist" value=""/>
    <property name="sun.jnu.encoding" value="UTF-8"/>
    <property name="java.class.path" value="/home/umm/Documents/google-code-sample/java/target/test-classes:/home/umm/Documents/google-code-sample/java/target/classes:/home/umm/.m2/repository/org/apache/maven/plugins/maven-compiler-plugin/3.8.1/maven-compiler-plugin-3.8.1.jar:/home/umm/.m2/repository/org/apache/maven/maven-plugin-api/3.0/maven-plugin-api-3.0.jar:/home/umm/.m2/repository/org/apache/maven/maven-model/3.0/maven-model-3.0.jar:/home/umm/.m2/repository/org/sonatype/sisu/sisu-inject-plexus/1.4.2/sisu-inject-plexus-1.4.2.jar:/home/umm/.m2/repository/org/sonatype/sisu/sisu-inject-bean/1.4.2/sisu-inject-bean-1.4.2.jar:/home/umm/.m2/repository/org/sonatype/sisu/sisu-guice/2.1.7/sisu-guice-2.1.7-noaop.jar:/home/umm/.m2/repository/org/apache/maven/maven-artifact/3.0/maven-artifact-3.0.jar:/home/umm/.m2/repository/org/codehaus/plexus/plexus-utils/2.0.4/plexus-utils-2.0.4.jar:/home/umm/.m2/repository/org/apache/maven/maven-core/3.0/maven-core-3.0.jar:/home/umm/.m2/repository/org/apache/maven/maven-settings/3.0/maven-settings-3.0.jar:/home/umm/.m2/repository/org/apache/maven/maven-settings-builder/3.0/maven-settings-builder-3.0.jar:/home/umm/.m2/repository/org/apache/maven/maven-repository-metadata/3.0/maven-repository-metadata-3.0.jar:/home/umm/.m2/repository/org/apache/maven/maven-model-builder/3.0/maven-model-builder-3.0.jar:/home/umm/.m2/repository/org/apache/maven/maven-aether-provider/3.0/maven-aether-provider-3.0.jar:/home/umm/.m2/repository/org/sonatype/aether/aether-impl/1.7/aether-impl-1.7.jar:/home/umm/.m2/repository/org/sonatype/aether/aether-spi/1.7/aether-spi-1.7.jar:/home/umm/.m2/repository/org/sonatype/aether/aether-api/1.7/aether-api-1.7.jar:/home/umm/.m2/repository/org/sonatype/aether/aether-util/1.7/aether-util-1.7.jar:/home/umm/.m2/repository/org/codehaus/plexus/plexus-interpolation/1.14/plexus-interpolation-1.14.jar:/home/umm/.m2/repository/org/codehaus/plexus/plexus-classworlds/2.2.3/plexus-classworlds-2.2.3.jar:/home/umm/.m2/repository/org/codehaus/plexus/plexus-component-annotations/1.5.5/plexus-component-annotations-1.5.5.jar:/home/umm/.m2/repository/org/sonatype/plexus/plexus-sec-dispatcher/1.3/plexus-sec-dispatcher-1.3.jar:/home/umm/.m2/repository/org/sonatype/plexus/plexus-cipher/1.4/plexus-cipher-1.4.jar:/home/umm/.m2/repository/org/apache/maven/shared/maven-shared-utils/3.2.1/maven-shared-utils-3.2.1.jar:/home/umm/.m2/repository/commons-io/commons-io/2.5/commons-io-2.5.jar:/home/umm/.m2/repository/org/apache/maven/shared/maven-shared-incremental/1.1/maven-shared-incremental-1.1.jar:/home/umm/.m2/repository/org/codehaus/plexus/plexus-java/0.9.10/plexus-java-0.9.10.jar:/home/umm/.m2/repository/org/ow2/asm/asm/6.2/asm-6.2.jar:/home/umm/.m2/repository/com/thoughtworks/qdox/qdox/2.0-M8/qdox-2.0-M8.jar:/home/umm/.m2/repository/org/codehaus/plexus/plexus-compiler-api/2.8.4/plexus-compiler-api-2.8.4.jar:/home/umm/.m2/repository/org/codehaus/plexus/plexus-compiler-manager/2.8.4/plexus-compiler-manager-2.8.4.jar:/home/umm/.m2/repository/org/codehaus/plexus/plexus-compiler-javac/2.8.4/plexus-compiler-javac-2.8.4.jar:/home/umm/.m2/repository/org/junit/jupiter/junit-jupiter-engine/5.4.0/junit-jupiter-engine-5.4.0.jar:/home/umm/.m2/repository/org/apiguardian/apiguardian-api/1.0.0/apiguardian-api-1.0.0.jar:/home/umm/.m2/repository/org/junit/platform/junit-platform-engine/1.4.0/junit-platform-engine-1.4.0.jar:/home/umm/.m2/repository/org/opentest4j/opentest4j/1.1.1/opentest4j-1.1.1.jar:/home/umm/.m2/repository/org/junit/platform/junit-platform-commons/1.4.0/junit-platform-commons-1.4.0.jar:/home/umm/.m2/repository/org/junit/jupiter/junit-jupiter-api/5.4.0/junit-jupiter-api-5.4.0.jar:/home/umm/.m2/repository/org/hamcrest/java-hamcrest/2.0.0.0/java-hamcrest-2.0.0.0.jar:"/>
    <property name="java.vm.vendor" value="Ubuntu"/>
    <property name="sun.arch.data.model" value="64"/>
    <property name="java.vendor.url" value="https://ubuntu.com/"/>
    <property name="user.timezone" value=""/>
    <property name="java.vm.specification.version" value="11"/>
    <property name="os.name" value="Linux"/>
    <property name="sun.java.launcher" value="SUN_STANDARD"/>
    <property name="user.country" value="GB"/>
    <property name="sun.boot.library.path" value="/usr/lib/jvm/java-11-openjdk-amd64/lib"/>
    <property name="sun.java.command" value="/home/umm/Documents/google-code-sample/java/target/surefire/surefirebooter15264433034841927817.jar /home/umm/Documents/google-code-sample/java/target/surefire 2021-06-30T14-49-29_394-jvmRun1 surefire14788957255299282540tmp surefire_04351425151634290266tmp"/>
    <property name="jdk.debug" value="release"/>
    <property name="surefire.test.class.path" value="/home/umm/Documents/google-code-sample/java/target/test-classes:/home/umm/Documents/google-code-sample/java/target/classes:/home/umm/.m2/repository/org/apache/maven/plugins/maven-compiler-plugin/3.8.1/maven-compiler-plugin-3.8.1.jar:/home/umm/.m2/repository/org/apache/maven/maven-plugin-api/3.0/maven-plugin-api-3.0.jar:/home/umm/.m2/repository/org/apache/maven/maven-model/3.0/maven-model-3.0.jar:/home/umm/.m2/repository/org/sonatype/sisu/sisu-inject-plexus/1.4.2/sisu-inject-plexus-1.4.2.jar:/home/umm/.m2/repository/org/sonatype/sisu/sisu-inject-bean/1.4.2/sisu-inject-bean-1.4.2.jar:/home/umm/.m2/repository/org/sonatype/sisu/sisu-guice/2.1.7/sisu-guice-2.1.7-noaop.jar:/home/umm/.m2/repository/org/apache/maven/maven-artifact/3.0/maven-artifact-3.0.jar:/home/umm/.m2/repository/org/codehaus/plexus/plexus-utils/2.0.4/plexus-utils-2.0.4.jar:/home/umm/.m2/repository/org/apache/maven/maven-core/3.0/maven-core-3.0.jar:/home/umm/.m2/repository/org/apache/maven/maven-settings/3.0/maven-settings-3.0.jar:/home/umm/.m2/repository/org/apache/maven/maven-settings-builder/3.0/maven-settings-builder-3.0.jar:/home/umm/.m2/repository/org/apache/maven/maven-repository-metadata/3.0/maven-repository-metadata-3.0.jar:/home/umm/.m2/repository/org/apache/maven/maven-model-builder/3.0/maven-model-builder-3.0.jar:/home/umm/.m2/repository/org/apache/maven/maven-aether-provider/3.0/maven-aether-provider-3.0.jar:/home/umm/.m2/repository/org/sonatype/aether/aether-impl/1.7/aether-impl-1.7.jar:/home/umm/.m2/repository/org/sonatype/aether/aether-spi/1.7/aether-spi-1.7.jar:/home/umm/.m2/repository/org/sonatype/aether/aether-api/1.7/aether-api-1.7.jar:/home/umm/.m2/repository/org/sonatype/aether/aether-util/1.7/aether-util-1.7.jar:/home/umm/.m2/repository/org/codehaus/plexus/plexus-interpolation/1.14/plexus-interpolation-1.14.jar:/home/umm/.m2/repository/org/codehaus/plexus/plexus-classworlds/2.2.3/plexus-classworlds-2.2.3.jar:/home/umm/.m2/repository/org/codehaus/plexus/plexus-component-annotations/1.5.5/plexus-component-annotations-1.5.5.jar:/home/umm/.m2/repository/org/sonatype/plexus/plexus-sec-dispatcher/1.3/plexus-sec-dispatcher-1.3.jar:/home/umm/.m2/repository/org/sonatype/plexus/plexus-cipher/1.4/plexus-cipher-1.4.jar:/home/umm/.m2/repository/org/apache/maven/shared/maven-shared-utils/3.2.1/maven-shared-utils-3.2.1.jar:/home/umm/.m2/repository/commons-io/commons-io/2.5/commons-io-2.5.jar:/home/umm/.m2/repository/org/apache/maven/shared/maven-shared-incremental/1.1/maven-shared-incremental-1.1.jar:/home/umm/.m2/repository/org/codehaus/plexus/plexus-java/0.9.10/plexus-java-0.9.10.jar:/home/umm/.m2/repository/org/ow2/asm/asm/6.2/asm-6.2.jar:/home/umm/.m2/repository/com/thoughtworks/qdox/qdox/2.0-M8/qdox-2.0-M8.jar:/home/umm/.m2/repository/org/codehaus/plexus/plexus-compiler-api/2.8.4/plexus-compiler-api-2.8.4.jar:/home/umm/.m2/repository/org/codehaus/plexus/plexus-compiler-manager/2.8.4/plexus-compiler-manager-2.8.4.jar:/home/umm/.m2/repository/org/codehaus/plexus/plexus-compiler-javac/2.8.4/plexus-compiler-javac-2.8.4.jar:/home/umm/.m2/repository/org/junit/jupiter/junit-jupiter-engine/5.4.0/junit-jupiter-engine-5.4.0.jar:/home/umm/.m2/repository/org/apiguardian/apiguardian-api/1.0.0/apiguardian-api-1.0.0.jar:/home/umm/.m2/repository/org/junit/platform/junit-platform-engine/1.4.0/junit-platform-engine-1.4.0.jar:/home/umm/.m2/repository/org/opentest4j/opentest4j/1.1.1/opentest4j-1.1.1.jar:/home/umm/.m2/repository/org/junit/platform/junit-platform-commons/1.4.0/junit-platform-commons-1.4.0.jar:/home/umm/.m2/repository/org/junit/jupiter/junit-jupiter-api/5.4.0/junit-jupiter-api-5.4.0.jar:/home/umm/.m2/repository/org/hamcrest/java-hamcrest/2.0.0.0/java-hamcrest-2.0.0.0.jar:"/>
    <property name="sun.cpu.endian" value="little"/>
    <property name="user.home" value="/home/umm"/>
    <property name="user.language" value="en"/>
    <property name="java.specification.vendor" value="Oracle Corporation"/>
    <property name="java.version.date" value="2021-04-20"/>
    <property name="java.home" value="/usr/lib/jvm/java-11-openjdk-amd64"/>
    <property name="file.separator" value="/"/>
    <property name="basedir" value="/home/umm/Documents/google-code-sample/java"/>
    <property name="java.vm.compressedOopsMode" value="32-bit"/>
    <property name="line.separator" value="&#10;"/>
    <property name="java.specification.name" value="Java Platform API Specification"/>
    <property name="java.vm.specification.vendor" value="Oracle Corporation"/>
    <property name="java.awt.graphicsenv" value="sun.awt.X11GraphicsEnvironment"/>
    <property name="surefire.real.class.path" value="/home/umm/Documents/google-code-sample/java/target/surefire/surefirebooter15264433034841927817.jar"/>
    <property name="sun.management.compiler" value="HotSpot 64-Bit Tiered Compilers"/>
    <property name="java.runtime.version" value="11.0.11+9-Ubuntu-0ubuntu2.20.04"/>
    <property name="user.name" value="umm"/>
    <property name="path.separator" value=":"/>
    <property name="os.version" value="5.4.0-72-generic"/>
    <property name="java.runtime.name" value="OpenJDK Runtime Environment"/>
    <property name="file.encoding" value="UTF-8"/>
    <property name="java.vm.name" value="OpenJDK 64-Bit Server VM"/>
    <property name="localRepository" value="/home/umm/.m2/repository"/>
    <property name="java.vendor.url.bug" value="https://bugs.launchpad.net/ubuntu/+source/openjdk-lts"/>
    <property name="java.io.tmpdir" value="/tmp"/>
    <property name="java.version" value="11.0.11"/>
    <property name="user.dir" value="/home/umm/Documents/google-code-sample/java"/>
    <property name="os.arch" value="amd64"/>
    <property name="java.vm.specification.name" value="Java Virtual Machine Specification"/>
    <property name="java.awt.printerjob" value="sun.print.PSPrinterJob"/>
    <property name="sun.os.patch.level" value="unknown"/>
    <property name="java.library.path" value="/usr/java/packages/lib:/usr/lib/x86_64-linux-gnu/jni:/lib/x86_64-linux-gnu:/usr/lib/x86_64-linux-gnu:/usr/lib/jni:/lib:/usr/lib"/>
    <property name="java.vm.info" value="mixed mode, sharing"/>
    <property name="java.vendor" value="Ubuntu"/>
    <property name="java.vm.version" value="11.0.11+9-Ubuntu-0ubuntu2.20.04"/>
    <property name="sun.io.unicode.encoding" value="UnicodeLittle"/>
    <property name="java.class.version" value="55.0"/>
  </properties>
  <testcase name="testStopVideo" classname="com.google.Part1Test" time="0.015">
    <failure type="java.lang.AssertionError"><![CDATA[java.lang.AssertionError: 

Expected: a string containing "Playing video: Amazing Cats"
     but: was "playVideo needs implementation"
	at com.google.Part1Test.testStopVideo(Part1Test.java:88)
]]></failure>
  </testcase>
  <testcase name="testPauseAlreadyPausedVideo" classname="com.google.Part1Test" time="0.022">
    <failure type="java.lang.AssertionError"><![CDATA[java.lang.AssertionError: 

Expected: a string containing "Playing video: Amazing Cats"
     but: was "playVideo needs implementation"
	at com.google.Part1Test.testPauseAlreadyPausedVideo(Part1Test.java:201)
]]></failure>
  </testcase>
  <testcase name="testPlayRandomVideoStopsPreviousVideo" classname="com.google.Part1Test" time="0.03">
    <failure type="org.opentest4j.AssertionFailedError"><![CDATA[org.opentest4j.AssertionFailedError: 
playVideo needs implementation
playRandomVideo needs implementation
 ==> expected: <3> but was: <2>
	at com.google.Part1Test.testPlayRandomVideoStopsPreviousVideo(Part1Test.java:127)
]]></failure>
  </testcase>
  <testcase name="testPlayVideo" classname="com.google.Part1Test" time="0.028">
    <failure type="java.lang.AssertionError"><![CDATA[java.lang.AssertionError: 

Expected: a string containing "Playing video: Amazing Cats"
     but: was "playVideo needs implementation
"
	at com.google.Part1Test.testPlayVideo(Part1Test.java:48)
]]></failure>
  </testcase>
  <testcase name="testPlayRandomVideo" classname="com.google.Part1Test" time="0.033">
    <failure type="java.lang.AssertionError"><![CDATA[java.lang.AssertionError: 

Expected: a string matching the pattern 'Playing video: (Amazing Cats|Another Cat Video|Funny Dogs|Life at Google|Video about nothing).*'
     but: was "playRandomVideo needs implementation\n"
	at com.google.Part1Test.testPlayRandomVideo(Part1Test.java:118)
]]></failure>
  </testcase>
  <testcase name="testStopVideoTwice" classname="com.google.Part1Test" time="0.026">
    <failure type="java.lang.AssertionError"><![CDATA[java.lang.AssertionError: 

Expected: a string containing "Playing video: Amazing Cats"
     but: was "playVideo needs implementation"
	at com.google.Part1Test.testStopVideoTwice(Part1Test.java:100)
]]></failure>
  </testcase>
  <testcase name="testPlayVideoStopPrevious" classname="com.google.Part1Test" time="0.015">
    <failure type="org.opentest4j.AssertionFailedError"><![CDATA[org.opentest4j.AssertionFailedError: 
playVideo needs implementation
playVideo needs implementation
 ==> expected: <3> but was: <2>
	at com.google.Part1Test.testPlayVideoStopPrevious(Part1Test.java:64)
]]></failure>
  </testcase>
  <testcase name="testPauseVideo" classname="com.google.Part1Test" time="0.045">
    <failure type="java.lang.AssertionError"><![CDATA[java.lang.AssertionError: 

Expected: a string containing "Playing video: Amazing Cats"
     but: was "playVideo needs implementation"
	at com.google.Part1Test.testPauseVideo(Part1Test.java:159)
]]></failure>
  </testcase>
  <testcase name="testShowPlaying" classname="com.google.Part1Test" time="0.027">
    <failure type="java.lang.AssertionError"><![CDATA[java.lang.AssertionError: 

Expected: a string containing "Playing video: Amazing Cats"
     but: was "playVideo needs implementation"
	at com.google.Part1Test.testShowPlaying(Part1Test.java:140)
]]></failure>
  </testcase>
  <testcase name="testContinueVideoNothingPlaying" classname="com.google.Part1Test" time="0.034">
    <failure type="java.lang.AssertionError"><![CDATA[java.lang.AssertionError: 

Expected: a string containing "Cannot continue video: No video is currently playing"
     but: was "continueVideo needs implementation
"
	at com.google.Part1Test.testContinueVideoNothingPlaying(Part1Test.java:242)
]]></failure>
  </testcase>
  <testcase name="testContinueVideo" classname="com.google.Part1Test" time="0.02">
    <failure type="java.lang.AssertionError"><![CDATA[java.lang.AssertionError: 

Expected: a string containing "Playing video: Amazing Cats"
     but: was "playVideo needs implementation"
	at com.google.Part1Test.testContinueVideo(Part1Test.java:222)
]]></failure>
  </testcase>
  <testcase name="testPlayVideoDontStopPreviousIfNonExistent" classname="com.google.Part1Test" time="0.043">
    <failure type="java.lang.AssertionError"><![CDATA[java.lang.AssertionError: 

Expected: a string containing "Cannot play video: Video does not exist"
     but: was "playVideo needs implementation"
	at com.google.Part1Test.testPlayVideoDontStopPreviousIfNonExistent(Part1Test.java:78)
]]></failure>
  </testcase>
  <testcase name="testPauseVideoShowVideo" classname="com.google.Part1Test" time="0.023">
    <failure type="java.lang.AssertionError"><![CDATA[java.lang.AssertionError: 

Expected: a string containing "Playing video: Amazing Cats"
     but: was "playVideo needs implementation"
	at com.google.Part1Test.testPauseVideoShowVideo(Part1Test.java:171)
]]></failure>
  </testcase>
  <testcase name="testPauseVideoPlayVideo" classname="com.google.Part1Test" time="0.028">
    <failure type="org.opentest4j.AssertionFailedError"><![CDATA[org.opentest4j.AssertionFailedError: 
playVideo needs implementation
pauseVideo needs implementation
playVideo needs implementation
showPlaying needs implementation
 ==> expected: <5> but was: <4>
	at com.google.Part1Test.testPauseVideoPlayVideo(Part1Test.java:185)
]]></failure>
  </testcase>
  <testcase name="testContinueVideoNotPaused" classname="com.google.Part1Test" time="0.015">
    <failure type="java.lang.AssertionError"><![CDATA[java.lang.AssertionError: 

Expected: a string containing "Cannot continue video: Video is not paused"
     but: was "continueVideo needs implementation"
	at com.google.Part1Test.testContinueVideoNotPaused(Part1Test.java:234)
]]></failure>
  </testcase>
  <testcase name="testPlayVideoNonExistent" classname="com.google.Part1Test" time="0.007">
    <failure type="java.lang.AssertionError"><![CDATA[java.lang.AssertionError: 

Expected: a string containing "Cannot play video: Video does not exist"
     but: was "playVideo needs implementation
"
	at com.google.Part1Test.testPlayVideoNonExistent(Part1Test.java:55)
]]></failure>
  </testcase>
  <testcase name="testNumberOfVideos" classname="com.google.Part1Test" time="0.006"/>
  <testcase name="testShowAllVideos" classname="com.google.Part1Test" time="0.003">
    <failure type="org.opentest4j.AssertionFailedError"><![CDATA[org.opentest4j.AssertionFailedError: 
showAllVideos needs implementation
 ==> expected: <6> but was: <1>
	at com.google.Part1Test.testShowAllVideos(Part1Test.java:30)
]]></failure>
  </testcase>
  <testcase name="testPauseVideoNothingPlaying" classname="com.google.Part1Test" time="0.005">
    <failure type="java.lang.AssertionError"><![CDATA[java.lang.AssertionError: 

Expected: a string containing "Cannot pause video: No video is currently playing"
     but: was "pauseVideo needs implementation
"
	at com.google.Part1Test.testPauseVideoNothingPlaying(Part1Test.java:210)
]]></failure>
  </testcase>
  <testcase name="testShowNothingPlaying" classname="com.google.Part1Test" time="0.003">
    <failure type="java.lang.AssertionError"><![CDATA[java.lang.AssertionError: 

Expected: a string containing "No video is currently playing"
     but: was "showPlaying needs implementation
"
	at com.google.Part1Test.testShowNothingPlaying(Part1Test.java:149)
]]></failure>
  </testcase>
  <testcase name="testStopVideoNothingPlaying" classname="com.google.Part1Test" time="0.004">
    <failure type="java.lang.AssertionError"><![CDATA[java.lang.AssertionError: 

Expected: a string containing "Cannot stop video: No video is currently playing"
     but: was "stopVideo needs implementation
"
	at com.google.Part1Test.testStopVideoNothingPlaying(Part1Test.java:110)
]]></failure>
  </testcase>
</testsuite>